2025-08-08 08:05:54 +00:00: 
2025-08-08 08:05:54 +00:00: > my-v0-project@0.1.0 start
2025-08-08 08:05:54 +00:00: > next start
2025-08-08 08:05:54 +00:00: 
2025-08-08 08:05:55 +00:00:  ⨯ Failed to start server
2025-08-08 08:05:55 +00:00: Error: listen EADDRINUSE: address already in use :::3000
2025-08-08 08:05:55 +00:00:     at <unknown> (Error: listen EADDRINUSE: address already in use :::3000)
2025-08-08 08:05:55 +00:00:     at new Promise (<anonymous>) {
2025-08-08 08:05:55 +00:00:   code: 'EADDRINUSE',
2025-08-08 08:05:55 +00:00:   errno: -98,
2025-08-08 08:05:55 +00:00:   syscall: 'listen',
2025-08-08 08:05:55 +00:00:   address: '::',
2025-08-08 08:05:55 +00:00:   port: 3000
2025-08-08 08:05:55 +00:00: }
2025-08-08 08:05:55 +00:00: 
2025-08-08 08:05:55 +00:00: > my-v0-project@0.1.0 start
2025-08-08 08:05:55 +00:00: > next start
2025-08-08 08:05:55 +00:00: 
2025-08-08 08:05:56 +00:00:  ⨯ Failed to start server
2025-08-08 08:05:56 +00:00: Error: listen EADDRINUSE: address already in use :::3000
2025-08-08 08:05:56 +00:00:     at <unknown> (Error: listen EADDRINUSE: address already in use :::3000)
2025-08-08 08:05:56 +00:00:     at new Promise (<anonymous>) {
2025-08-08 08:05:56 +00:00:   code: 'EADDRINUSE',
2025-08-08 08:05:56 +00:00:   errno: -98,
2025-08-08 08:05:56 +00:00:   syscall: 'listen',
2025-08-08 08:05:56 +00:00:   address: '::',
2025-08-08 08:05:56 +00:00:   port: 3000
2025-08-08 08:05:56 +00:00: }
2025-08-08 08:05:56 +00:00: 
2025-08-08 08:05:56 +00:00: > my-v0-project@0.1.0 start
2025-08-08 08:05:56 +00:00: > next start
2025-08-08 08:05:56 +00:00: 
2025-08-08 08:05:57 +00:00:  ⨯ Failed to start server
2025-08-08 08:05:57 +00:00: Error: listen EADDRINUSE: address already in use :::3000
2025-08-08 08:05:57 +00:00:     at <unknown> (Error: listen EADDRINUSE: address already in use :::3000)
2025-08-08 08:05:57 +00:00:     at new Promise (<anonymous>) {
2025-08-08 08:05:57 +00:00:   code: 'EADDRINUSE',
2025-08-08 08:05:57 +00:00:   errno: -98,
2025-08-08 08:05:57 +00:00:   syscall: 'listen',
2025-08-08 08:05:57 +00:00:   address: '::',
2025-08-08 08:05:57 +00:00:   port: 3000
2025-08-08 08:05:57 +00:00: }
2025-08-08 08:05:57 +00:00: 
2025-08-08 08:05:57 +00:00: > my-v0-project@0.1.0 start
2025-08-08 08:05:57 +00:00: > next start
2025-08-08 08:05:57 +00:00: 
2025-08-08 08:05:58 +00:00:  ⨯ Failed to start server
2025-08-08 08:05:58 +00:00: Error: listen EADDRINUSE: address already in use :::3000
2025-08-08 08:05:58 +00:00:     at <unknown> (Error: listen EADDRINUSE: address already in use :::3000)
2025-08-08 08:05:58 +00:00:     at new Promise (<anonymous>) {
2025-08-08 08:05:58 +00:00:   code: 'EADDRINUSE',
2025-08-08 08:05:58 +00:00:   errno: -98,
2025-08-08 08:05:58 +00:00:   syscall: 'listen',
2025-08-08 08:05:58 +00:00:   address: '::',
2025-08-08 08:05:58 +00:00:   port: 3000
2025-08-08 08:05:58 +00:00: }
2025-08-08 08:05:58 +00:00: 
2025-08-08 08:05:58 +00:00: > my-v0-project@0.1.0 start
2025-08-08 08:05:58 +00:00: > next start
2025-08-08 08:05:58 +00:00: 
2025-08-08 08:05:59 +00:00:  ⨯ Failed to start server
2025-08-08 08:05:59 +00:00: Error: listen EADDRINUSE: address already in use :::3000
2025-08-08 08:05:59 +00:00:     at <unknown> (Error: listen EADDRINUSE: address already in use :::3000)
2025-08-08 08:05:59 +00:00:     at new Promise (<anonymous>) {
2025-08-08 08:05:59 +00:00:   code: 'EADDRINUSE',
2025-08-08 08:05:59 +00:00:   errno: -98,
2025-08-08 08:05:59 +00:00:   syscall: 'listen',
2025-08-08 08:05:59 +00:00:   address: '::',
2025-08-08 08:05:59 +00:00:   port: 3000
2025-08-08 08:05:59 +00:00: }
2025-08-08 08:06:00 +00:00: 
2025-08-08 08:06:00 +00:00: > my-v0-project@0.1.0 start
2025-08-08 08:06:00 +00:00: > next start
2025-08-08 08:06:00 +00:00: 
2025-08-08 08:06:00 +00:00:  ⨯ Failed to start server
2025-08-08 08:06:00 +00:00: Error: listen EADDRINUSE: address already in use :::3000
2025-08-08 08:06:00 +00:00:     at <unknown> (Error: listen EADDRINUSE: address already in use :::3000)
2025-08-08 08:06:00 +00:00:     at new Promise (<anonymous>) {
2025-08-08 08:06:00 +00:00:   code: 'EADDRINUSE',
2025-08-08 08:06:00 +00:00:   errno: -98,
2025-08-08 08:06:00 +00:00:   syscall: 'listen',
2025-08-08 08:06:00 +00:00:   address: '::',
2025-08-08 08:06:00 +00:00:   port: 3000
2025-08-08 08:06:00 +00:00: }
2025-08-08 08:06:01 +00:00: 
2025-08-08 08:06:01 +00:00: > my-v0-project@0.1.0 start
2025-08-08 08:06:01 +00:00: > next start
2025-08-08 08:06:01 +00:00: 
2025-08-08 08:06:01 +00:00:  ⨯ Failed to start server
2025-08-08 08:06:01 +00:00: Error: listen EADDRINUSE: address already in use :::3000
2025-08-08 08:06:01 +00:00:     at <unknown> (Error: listen EADDRINUSE: address already in use :::3000)
2025-08-08 08:06:01 +00:00:     at new Promise (<anonymous>) {
2025-08-08 08:06:01 +00:00:   code: 'EADDRINUSE',
2025-08-08 08:06:01 +00:00:   errno: -98,
2025-08-08 08:06:01 +00:00:   syscall: 'listen',
2025-08-08 08:06:01 +00:00:   address: '::',
2025-08-08 08:06:01 +00:00:   port: 3000
2025-08-08 08:06:01 +00:00: }
2025-08-08 08:06:02 +00:00: 
2025-08-08 08:06:02 +00:00: > my-v0-project@0.1.0 start
2025-08-08 08:06:02 +00:00: > next start
2025-08-08 08:06:02 +00:00: 
2025-08-08 08:06:02 +00:00:  ⨯ Failed to start server
2025-08-08 08:06:02 +00:00: Error: listen EADDRINUSE: address already in use :::3000
2025-08-08 08:06:02 +00:00:     at <unknown> (Error: listen EADDRINUSE: address already in use :::3000)
2025-08-08 08:06:02 +00:00:     at new Promise (<anonymous>) {
2025-08-08 08:06:02 +00:00:   code: 'EADDRINUSE',
2025-08-08 08:06:02 +00:00:   errno: -98,
2025-08-08 08:06:02 +00:00:   syscall: 'listen',
2025-08-08 08:06:02 +00:00:   address: '::',
2025-08-08 08:06:02 +00:00:   port: 3000
2025-08-08 08:06:02 +00:00: }
2025-08-08 08:06:03 +00:00: 
2025-08-08 08:06:03 +00:00: > my-v0-project@0.1.0 start
2025-08-08 08:06:03 +00:00: > next start
2025-08-08 08:06:03 +00:00: 
2025-08-08 08:06:03 +00:00:  ⨯ Failed to start server
2025-08-08 08:06:03 +00:00: Error: listen EADDRINUSE: address already in use :::3000
2025-08-08 08:06:03 +00:00:     at <unknown> (Error: listen EADDRINUSE: address already in use :::3000)
2025-08-08 08:06:03 +00:00:     at new Promise (<anonymous>) {
2025-08-08 08:06:03 +00:00:   code: 'EADDRINUSE',
2025-08-08 08:06:03 +00:00:   errno: -98,
2025-08-08 08:06:03 +00:00:   syscall: 'listen',
2025-08-08 08:06:03 +00:00:   address: '::',
2025-08-08 08:06:03 +00:00:   port: 3000
2025-08-08 08:06:03 +00:00: }
2025-08-08 08:06:04 +00:00: 
2025-08-08 08:06:04 +00:00: > my-v0-project@0.1.0 start
2025-08-08 08:06:04 +00:00: > next start
2025-08-08 08:06:04 +00:00: 
2025-08-08 08:06:04 +00:00:  ⨯ Failed to start server
2025-08-08 08:06:04 +00:00: Error: listen EADDRINUSE: address already in use :::3000
2025-08-08 08:06:04 +00:00:     at <unknown> (Error: listen EADDRINUSE: address already in use :::3000)
2025-08-08 08:06:04 +00:00:     at new Promise (<anonymous>) {
2025-08-08 08:06:04 +00:00:   code: 'EADDRINUSE',
2025-08-08 08:06:04 +00:00:   errno: -98,
2025-08-08 08:06:04 +00:00:   syscall: 'listen',
2025-08-08 08:06:04 +00:00:   address: '::',
2025-08-08 08:06:04 +00:00:   port: 3000
2025-08-08 08:06:04 +00:00: }
2025-08-08 08:17:48 +00:00: 
2025-08-08 08:17:48 +00:00: > my-v0-project@0.1.0 start
2025-08-08 08:17:48 +00:00: > next start
2025-08-08 08:17:48 +00:00: 
2025-08-08 08:17:49 +00:00:    ▲ Next.js 15.2.4
2025-08-08 08:17:49 +00:00:    - Local:        http://localhost:3000
2025-08-08 08:17:49 +00:00:    - Network:      http://10.128.0.3:3000
2025-08-08 08:17:49 +00:00: 
2025-08-08 08:17:49 +00:00:  ✓ Starting...
2025-08-08 08:17:49 +00:00:  ✓ Ready in 759ms
2025-08-08 08:18:41 +00:00:  ⨯ [Error: Cannot find module './vendor-chunks/tailwind-merge.js'
2025-08-08 08:18:41 +00:00: Require stack:
2025-08-08 08:18:41 +00:00: - /home/quinto/sukari/.next/server/webpack-runtime.js
2025-08-08 08:18:41 +00:00: - /home/quinto/sukari/.next/server/pages/_document.js
2025-08-08 08:18:41 +00:00: - /home/quinto/sukari/node_modules/next/dist/server/require.js
2025-08-08 08:18:41 +00:00: - /home/quinto/sukari/node_modules/next/dist/server/next-server.js
2025-08-08 08:18:41 +00:00: - /home/quinto/sukari/node_modules/next/dist/server/next.js
2025-08-08 08:18:41 +00:00: - /home/quinto/sukari/node_modules/next/dist/server/lib/start-server.js
2025-08-08 08:18:41 +00:00: - /home/quinto/sukari/node_modules/next/dist/cli/next-start.js] {
2025-08-08 08:18:41 +00:00:   code: 'MODULE_NOT_FOUND',
2025-08-08 08:18:41 +00:00:   requireStack: [Array]
2025-08-08 08:18:41 +00:00: }
2025-08-08 08:18:44 +00:00:  ⨯ [Error: Cannot find module './vendor-chunks/tailwind-merge.js'
2025-08-08 08:18:44 +00:00: Require stack:
2025-08-08 08:18:44 +00:00: - /home/quinto/sukari/.next/server/webpack-runtime.js
2025-08-08 08:18:44 +00:00: - /home/quinto/sukari/.next/server/pages/_document.js
2025-08-08 08:18:44 +00:00: - /home/quinto/sukari/node_modules/next/dist/server/require.js
2025-08-08 08:18:44 +00:00: - /home/quinto/sukari/node_modules/next/dist/server/next-server.js
2025-08-08 08:18:44 +00:00: - /home/quinto/sukari/node_modules/next/dist/server/next.js
2025-08-08 08:18:44 +00:00: - /home/quinto/sukari/node_modules/next/dist/server/lib/start-server.js
2025-08-08 08:18:44 +00:00: - /home/quinto/sukari/node_modules/next/dist/cli/next-start.js] {
2025-08-08 08:18:44 +00:00:   code: 'MODULE_NOT_FOUND',
2025-08-08 08:18:44 +00:00:   requireStack: [Array]
2025-08-08 08:18:44 +00:00: }
2025-08-08 08:18:45 +00:00:  ⨯ [Error: Cannot find module './vendor-chunks/tailwind-merge.js'
2025-08-08 08:18:45 +00:00: Require stack:
2025-08-08 08:18:45 +00:00: - /home/quinto/sukari/.next/server/webpack-runtime.js
2025-08-08 08:18:45 +00:00: - /home/quinto/sukari/.next/server/pages/_document.js
2025-08-08 08:18:45 +00:00: - /home/quinto/sukari/node_modules/next/dist/server/require.js
2025-08-08 08:18:45 +00:00: - /home/quinto/sukari/node_modules/next/dist/server/next-server.js
2025-08-08 08:18:45 +00:00: - /home/quinto/sukari/node_modules/next/dist/server/next.js
2025-08-08 08:18:45 +00:00: - /home/quinto/sukari/node_modules/next/dist/server/lib/start-server.js
2025-08-08 08:18:45 +00:00: - /home/quinto/sukari/node_modules/next/dist/cli/next-start.js] {
2025-08-08 08:18:45 +00:00:   code: 'MODULE_NOT_FOUND',
2025-08-08 08:18:45 +00:00:   requireStack: [Array]
2025-08-08 08:18:45 +00:00: }
2025-08-08 08:18:45 +00:00:  ⨯ [Error: Cannot find module './vendor-chunks/tailwind-merge.js'
2025-08-08 08:18:45 +00:00: Require stack:
2025-08-08 08:18:45 +00:00: - /home/quinto/sukari/.next/server/webpack-runtime.js
2025-08-08 08:18:45 +00:00: - /home/quinto/sukari/.next/server/pages/_document.js
2025-08-08 08:18:45 +00:00: - /home/quinto/sukari/node_modules/next/dist/server/require.js
2025-08-08 08:18:45 +00:00: - /home/quinto/sukari/node_modules/next/dist/server/next-server.js
2025-08-08 08:18:45 +00:00: - /home/quinto/sukari/node_modules/next/dist/server/next.js
2025-08-08 08:18:45 +00:00: - /home/quinto/sukari/node_modules/next/dist/server/lib/start-server.js
2025-08-08 08:18:45 +00:00: - /home/quinto/sukari/node_modules/next/dist/cli/next-start.js] {
2025-08-08 08:18:45 +00:00:   code: 'MODULE_NOT_FOUND',
2025-08-08 08:18:45 +00:00:   requireStack: [Array]
2025-08-08 08:18:45 +00:00: }
2025-08-08 08:19:33 +00:00:  ⨯ [Error: Cannot find module './vendor-chunks/tailwind-merge.js'
2025-08-08 08:19:33 +00:00: Require stack:
2025-08-08 08:19:33 +00:00: - /home/quinto/sukari/.next/server/webpack-runtime.js
2025-08-08 08:19:33 +00:00: - /home/quinto/sukari/.next/server/pages/_document.js
2025-08-08 08:19:33 +00:00: - /home/quinto/sukari/node_modules/next/dist/server/require.js
2025-08-08 08:19:33 +00:00: - /home/quinto/sukari/node_modules/next/dist/server/next-server.js
2025-08-08 08:19:33 +00:00: - /home/quinto/sukari/node_modules/next/dist/server/next.js
2025-08-08 08:19:33 +00:00: - /home/quinto/sukari/node_modules/next/dist/server/lib/start-server.js
2025-08-08 08:19:33 +00:00: - /home/quinto/sukari/node_modules/next/dist/cli/next-start.js] {
2025-08-08 08:19:33 +00:00:   code: 'MODULE_NOT_FOUND',
2025-08-08 08:19:33 +00:00:   requireStack: [Array]
2025-08-08 08:19:33 +00:00: }
2025-08-08 08:19:34 +00:00:  ⨯ [Error: Cannot find module './vendor-chunks/tailwind-merge.js'
2025-08-08 08:19:34 +00:00: Require stack:
2025-08-08 08:19:34 +00:00: - /home/quinto/sukari/.next/server/webpack-runtime.js
2025-08-08 08:19:34 +00:00: - /home/quinto/sukari/.next/server/pages/_document.js
2025-08-08 08:19:34 +00:00: - /home/quinto/sukari/node_modules/next/dist/server/require.js
2025-08-08 08:19:34 +00:00: - /home/quinto/sukari/node_modules/next/dist/server/next-server.js
2025-08-08 08:19:34 +00:00: - /home/quinto/sukari/node_modules/next/dist/server/next.js
2025-08-08 08:19:34 +00:00: - /home/quinto/sukari/node_modules/next/dist/server/lib/start-server.js
2025-08-08 08:19:34 +00:00: - /home/quinto/sukari/node_modules/next/dist/cli/next-start.js] {
2025-08-08 08:19:34 +00:00:   code: 'MODULE_NOT_FOUND',
2025-08-08 08:19:34 +00:00:   requireStack: [Array]
2025-08-08 08:19:34 +00:00: }
2025-08-08 08:22:14 +00:00: 
2025-08-08 08:22:14 +00:00: > my-v0-project@0.1.0 start
2025-08-08 08:22:14 +00:00: > next start
2025-08-08 08:22:14 +00:00: 
2025-08-08 08:22:15 +00:00:    ▲ Next.js 15.2.4
2025-08-08 08:22:15 +00:00:    - Local:        http://localhost:3000
2025-08-08 08:22:15 +00:00:    - Network:      http://10.128.0.3:3000
2025-08-08 08:22:15 +00:00: 
2025-08-08 08:22:15 +00:00:  ✓ Starting...
2025-08-08 08:22:15 +00:00:  ✓ Ready in 540ms
2025-08-08 12:05:40 +00:00: 
2025-08-08 12:05:40 +00:00: > my-v0-project@0.1.0 start
2025-08-08 12:05:40 +00:00: > next start
2025-08-08 12:05:40 +00:00: 
2025-08-08 12:05:41 +00:00:    ▲ Next.js 15.2.4
2025-08-08 12:05:41 +00:00:    - Local:        http://localhost:3000
2025-08-08 12:05:41 +00:00:    - Network:      http://10.128.0.3:3000
2025-08-08 12:05:41 +00:00: 
2025-08-08 12:05:41 +00:00:  ✓ Starting...
2025-08-08 12:05:41 +00:00:  ✓ Ready in 550ms
2025-08-09 02:00:00 +00:00: 
2025-08-09 02:00:00 +00:00: > my-v0-project@0.1.0 start
2025-08-09 02:00:00 +00:00: > next start
2025-08-09 02:00:00 +00:00: 
2025-08-09 02:00:01 +00:00:    ▲ Next.js 15.2.4
2025-08-09 02:00:01 +00:00:    - Local:        http://localhost:3000
2025-08-09 02:00:01 +00:00:    - Network:      http://10.128.0.3:3000
2025-08-09 02:00:01 +00:00: 
2025-08-09 02:00:01 +00:00:  ✓ Starting...
2025-08-09 02:00:01 +00:00:  ✓ Ready in 854ms
2025-08-10 02:00:00 +00:00: 
2025-08-10 02:00:00 +00:00: > my-v0-project@0.1.0 start
2025-08-10 02:00:00 +00:00: > next start
2025-08-10 02:00:00 +00:00: 
2025-08-10 02:00:01 +00:00:    ▲ Next.js 15.2.4
2025-08-10 02:00:01 +00:00:    - Local:        http://localhost:3000
2025-08-10 02:00:01 +00:00:    - Network:      http://10.128.0.3:3000
2025-08-10 02:00:01 +00:00: 
2025-08-10 02:00:01 +00:00:  ✓ Starting...
2025-08-10 02:00:01 +00:00:  ✓ Ready in 870ms
2025-08-11 02:00:00 +00:00: 
2025-08-11 02:00:00 +00:00: > my-v0-project@0.1.0 start
2025-08-11 02:00:00 +00:00: > next start
2025-08-11 02:00:00 +00:00: 
2025-08-11 02:00:01 +00:00:    ▲ Next.js 15.2.4
2025-08-11 02:00:01 +00:00:    - Local:        http://localhost:3000
2025-08-11 02:00:01 +00:00:    - Network:      http://10.128.0.3:3000
2025-08-11 02:00:01 +00:00: 
2025-08-11 02:00:01 +00:00:  ✓ Starting...
2025-08-11 02:00:01 +00:00:  ✓ Ready in 667ms
2025-08-12 02:00:00 +00:00: 
2025-08-12 02:00:00 +00:00: > my-v0-project@0.1.0 start
2025-08-12 02:00:00 +00:00: > next start
2025-08-12 02:00:00 +00:00: 
2025-08-12 02:00:01 +00:00:    ▲ Next.js 15.2.4
2025-08-12 02:00:01 +00:00:    - Local:        http://localhost:3000
2025-08-12 02:00:01 +00:00:    - Network:      http://10.128.0.3:3000
2025-08-12 02:00:01 +00:00: 
2025-08-12 02:00:01 +00:00:  ✓ Starting...
2025-08-12 02:00:01 +00:00:  ✓ Ready in 903ms
2025-08-12 07:19:43 +00:00: 
2025-08-12 07:19:43 +00:00: > my-v0-project@0.1.0 start
2025-08-12 07:19:43 +00:00: > next start
2025-08-12 07:19:43 +00:00: 
2025-08-12 07:19:43 +00:00:    ▲ Next.js 15.2.4
2025-08-12 07:19:43 +00:00:    - Local:        http://localhost:3000
2025-08-12 07:19:43 +00:00:    - Network:      http://10.128.0.3:3000
2025-08-12 07:19:43 +00:00: 
2025-08-12 07:19:43 +00:00:  ✓ Starting...
2025-08-12 07:19:44 +00:00:  ✓ Ready in 706ms
2025-08-12 07:24:17 +00:00: 
2025-08-12 07:24:17 +00:00: > my-v0-project@0.1.0 start
2025-08-12 07:24:17 +00:00: > next start
2025-08-12 07:24:17 +00:00: 
2025-08-12 07:24:17 +00:00:    ▲ Next.js 15.2.4
2025-08-12 07:24:17 +00:00:    - Local:        http://localhost:3000
2025-08-12 07:24:17 +00:00:    - Network:      http://10.128.0.3:3000
2025-08-12 07:24:17 +00:00: 
2025-08-12 07:24:17 +00:00:  ✓ Starting...
2025-08-12 07:24:18 +00:00:  ✓ Ready in 615ms
2025-08-12 07:29:31 +00:00: 
2025-08-12 07:29:31 +00:00: > my-v0-project@0.1.0 start
2025-08-12 07:29:31 +00:00: > next start
2025-08-12 07:29:31 +00:00: 
2025-08-12 07:29:32 +00:00:    ▲ Next.js 15.2.4
2025-08-12 07:29:32 +00:00:    - Local:        http://localhost:3000
2025-08-12 07:29:32 +00:00:    - Network:      http://10.128.0.3:3000
2025-08-12 07:29:32 +00:00: 
2025-08-12 07:29:32 +00:00:  ✓ Starting...
2025-08-12 07:29:32 +00:00:  ✓ Ready in 614ms
2025-08-12 07:34:40 +00:00: 
2025-08-12 07:34:40 +00:00: > my-v0-project@0.1.0 start
2025-08-12 07:34:40 +00:00: > next start
2025-08-12 07:34:40 +00:00: 
2025-08-12 07:34:40 +00:00:    ▲ Next.js 15.2.4
2025-08-12 07:34:40 +00:00:    - Local:        http://localhost:3000
2025-08-12 07:34:40 +00:00:    - Network:      http://10.128.0.3:3000
2025-08-12 07:34:40 +00:00: 
2025-08-12 07:34:40 +00:00:  ✓ Starting...
2025-08-12 07:34:40 +00:00:  ✓ Ready in 615ms
2025-08-12 07:39:29 +00:00: 
2025-08-12 07:39:29 +00:00: > my-v0-project@0.1.0 start
2025-08-12 07:39:29 +00:00: > next start
2025-08-12 07:39:29 +00:00: 
2025-08-12 07:39:29 +00:00:    ▲ Next.js 15.2.4
2025-08-12 07:39:29 +00:00:    - Local:        http://localhost:3000
2025-08-12 07:39:29 +00:00:    - Network:      http://10.128.0.3:3000
2025-08-12 07:39:29 +00:00: 
2025-08-12 07:39:29 +00:00:  ✓ Starting...
2025-08-12 07:39:29 +00:00:  ✓ Ready in 633ms
2025-08-12 08:16:20 +00:00: 
2025-08-12 08:16:20 +00:00: > my-v0-project@0.1.0 start
2025-08-12 08:16:20 +00:00: > next start
2025-08-12 08:16:20 +00:00: 
2025-08-12 08:16:21 +00:00:    ▲ Next.js 15.2.4
2025-08-12 08:16:21 +00:00:    - Local:        http://localhost:3000
2025-08-12 08:16:21 +00:00:    - Network:      http://10.128.0.3:3000
2025-08-12 08:16:21 +00:00: 
2025-08-12 08:16:21 +00:00:  ✓ Starting...
2025-08-12 08:16:21 +00:00:  ✓ Ready in 649ms
2025-08-13 02:00:00 +00:00: 
2025-08-13 02:00:00 +00:00: > my-v0-project@0.1.0 start
2025-08-13 02:00:00 +00:00: > next start
2025-08-13 02:00:00 +00:00: 
2025-08-13 02:00:01 +00:00:    ▲ Next.js 15.2.4
2025-08-13 02:00:01 +00:00:    - Local:        http://localhost:3000
2025-08-13 02:00:01 +00:00:    - Network:      http://10.128.0.3:3000
2025-08-13 02:00:01 +00:00: 
2025-08-13 02:00:01 +00:00:  ✓ Starting...
2025-08-13 02:00:01 +00:00:  ✓ Ready in 811ms
2025-08-13 06:14:14 +00:00: 
2025-08-13 06:14:14 +00:00: > my-v0-project@0.1.0 start
2025-08-13 06:14:14 +00:00: > next start
2025-08-13 06:14:14 +00:00: 
2025-08-13 06:14:14 +00:00:    ▲ Next.js 15.2.4
2025-08-13 06:14:14 +00:00:    - Local:        http://localhost:3000
2025-08-13 06:14:14 +00:00:    - Network:      http://10.128.0.3:3000
2025-08-13 06:14:14 +00:00: 
2025-08-13 06:14:14 +00:00:  ✓ Starting...
2025-08-13 06:14:15 +00:00:  ✓ Ready in 565ms
2025-08-13 06:35:41 +00:00: 
2025-08-13 06:35:41 +00:00: > my-v0-project@0.1.0 start
2025-08-13 06:35:41 +00:00: > next start
2025-08-13 06:35:41 +00:00: 
2025-08-13 06:35:42 +00:00:    ▲ Next.js 15.2.4
2025-08-13 06:35:42 +00:00:    - Local:        http://localhost:3000
2025-08-13 06:35:42 +00:00:    - Network:      http://10.128.0.3:3000
2025-08-13 06:35:42 +00:00: 
2025-08-13 06:35:42 +00:00:  ✓ Starting...
2025-08-13 06:35:42 +00:00:  ✓ Ready in 709ms
2025-08-14 02:00:00 +00:00: 
2025-08-14 02:00:00 +00:00: > my-v0-project@0.1.0 start
2025-08-14 02:00:00 +00:00: > next start
2025-08-14 02:00:00 +00:00: 
2025-08-14 02:00:01 +00:00:    ▲ Next.js 15.2.4
2025-08-14 02:00:01 +00:00:    - Local:        http://localhost:3000
2025-08-14 02:00:01 +00:00:    - Network:      http://10.128.0.3:3000
2025-08-14 02:00:01 +00:00: 
2025-08-14 02:00:01 +00:00:  ✓ Starting...
2025-08-14 02:00:01 +00:00:  ✓ Ready in 876ms
2025-08-14 07:40:10 +00:00: 
2025-08-14 07:40:10 +00:00: > my-v0-project@0.1.0 start
2025-08-14 07:40:10 +00:00: > next start
2025-08-14 07:40:10 +00:00: 
2025-08-14 07:40:11 +00:00:    ▲ Next.js 15.2.4
2025-08-14 07:40:11 +00:00:    - Local:        http://localhost:3000
2025-08-14 07:40:11 +00:00:    - Network:      http://10.128.0.3:3000
2025-08-14 07:40:11 +00:00: 
2025-08-14 07:40:11 +00:00:  ✓ Starting...
2025-08-14 07:40:11 +00:00:  ✓ Ready in 811ms
2025-08-15 02:00:00 +00:00: 
2025-08-15 02:00:00 +00:00: > my-v0-project@0.1.0 start
2025-08-15 02:00:00 +00:00: > next start
2025-08-15 02:00:00 +00:00: 
2025-08-15 02:00:01 +00:00:    ▲ Next.js 15.2.4
2025-08-15 02:00:01 +00:00:    - Local:        http://localhost:3000
2025-08-15 02:00:01 +00:00:    - Network:      http://10.128.0.3:3000
2025-08-15 02:00:01 +00:00: 
2025-08-15 02:00:01 +00:00:  ✓ Starting...
2025-08-15 02:00:01 +00:00:  ✓ Ready in 803ms
2025-08-15 07:04:26 +00:00: 
2025-08-15 07:04:26 +00:00: > my-v0-project@0.1.0 start
2025-08-15 07:04:26 +00:00: > next start
2025-08-15 07:04:26 +00:00: 
2025-08-15 07:04:27 +00:00:    ▲ Next.js 15.2.4
2025-08-15 07:04:27 +00:00:    - Local:        http://localhost:3000
2025-08-15 07:04:27 +00:00:    - Network:      http://10.128.0.3:3000
2025-08-15 07:04:27 +00:00: 
2025-08-15 07:04:27 +00:00:  ✓ Starting...
2025-08-15 07:04:27 +00:00:  ✓ Ready in 691ms
2025-08-16 02:00:00 +00:00: 
2025-08-16 02:00:00 +00:00: > my-v0-project@0.1.0 start
2025-08-16 02:00:00 +00:00: > next start
2025-08-16 02:00:00 +00:00: 
2025-08-16 02:00:01 +00:00:    ▲ Next.js 15.2.4
2025-08-16 02:00:01 +00:00:    - Local:        http://localhost:3000
2025-08-16 02:00:01 +00:00:    - Network:      http://10.128.0.3:3000
2025-08-16 02:00:01 +00:00: 
2025-08-16 02:00:01 +00:00:  ✓ Starting...
2025-08-16 02:00:01 +00:00:  ✓ Ready in 890ms
2025-08-17 02:00:00 +00:00: 
2025-08-17 02:00:00 +00:00: > my-v0-project@0.1.0 start
2025-08-17 02:00:00 +00:00: > next start
2025-08-17 02:00:00 +00:00: 
2025-08-17 02:00:01 +00:00:    ▲ Next.js 15.2.4
2025-08-17 02:00:01 +00:00:    - Local:        http://localhost:3000
2025-08-17 02:00:01 +00:00:    - Network:      http://10.128.0.3:3000
2025-08-17 02:00:01 +00:00: 
2025-08-17 02:00:01 +00:00:  ✓ Starting...
2025-08-17 02:00:01 +00:00:  ✓ Ready in 824ms
2025-08-18 02:00:00 +00:00: 
2025-08-18 02:00:00 +00:00: > my-v0-project@0.1.0 start
2025-08-18 02:00:00 +00:00: > next start
2025-08-18 02:00:00 +00:00: 
2025-08-18 02:00:01 +00:00:    ▲ Next.js 15.2.4
2025-08-18 02:00:01 +00:00:    - Local:        http://localhost:3000
2025-08-18 02:00:01 +00:00:    - Network:      http://10.128.0.3:3000
2025-08-18 02:00:01 +00:00: 
2025-08-18 02:00:01 +00:00:  ✓ Starting...
2025-08-18 02:00:01 +00:00:  ✓ Ready in 893ms
2025-08-18 08:01:39 +00:00: 
2025-08-18 08:01:39 +00:00: > my-v0-project@0.1.0 start
2025-08-18 08:01:39 +00:00: > next start
2025-08-18 08:01:39 +00:00: 
2025-08-18 08:01:39 +00:00:    ▲ Next.js 15.2.4
2025-08-18 08:01:39 +00:00:    - Local:        http://localhost:3000
2025-08-18 08:01:39 +00:00:    - Network:      http://10.128.0.3:3000
2025-08-18 08:01:39 +00:00: 
2025-08-18 08:01:39 +00:00:  ✓ Starting...
2025-08-18 08:01:40 +00:00:  ✓ Ready in 726ms
2025-08-18 10:42:51 +00:00: 
2025-08-18 10:42:51 +00:00: > my-v0-project@0.1.0 start
2025-08-18 10:42:51 +00:00: > next start
2025-08-18 10:42:51 +00:00: 
2025-08-18 10:42:52 +00:00:    ▲ Next.js 15.2.4
2025-08-18 10:42:52 +00:00:    - Local:        http://localhost:3000
2025-08-18 10:42:52 +00:00:    - Network:      http://10.128.0.3:3000
2025-08-18 10:42:52 +00:00: 
2025-08-18 10:42:52 +00:00:  ✓ Starting...
2025-08-18 10:42:52 +00:00:  ✓ Ready in 708ms
2025-08-18 10:45:59 +00:00: AI Backend Error Response: {"detail":[{"type":"missing","loc":["body","query"],"msg":"Field required","input":{"user_input":"Which factory had the highest production this month?"}}]}
2025-08-18 10:46:19 +00:00: AI Backend Error Response: {"detail":[{"type":"missing","loc":["body","query"],"msg":"Field required","input":{"user_input":"Give me a summary of sugar prices over the years"}}]}
2025-08-18 10:46:51 +00:00: AI Backend Error Response: {"detail":[{"type":"missing","loc":["body","query"],"msg":"Field required","input":{"user_input":"why can't I get a response?"}}]}
2025-08-18 10:47:50 +00:00: AI Backend Error Response: {"detail":[{"type":"missing","loc":["body","query"],"msg":"Field required","input":{"user_input":"Show national sugar production for 2024"}}]}
2025-08-18 10:49:29 +00:00: AI Backend Error Response: {"detail":[{"type":"missing","loc":["body","query"],"msg":"Field required","input":{"user_input":"Show national sugar production for 2024"}}]}
2025-08-18 10:51:15 +00:00: AI Backend Error Response: {"detail":[{"type":"missing","loc":["body","query"],"msg":"Field required","input":{"user_input":"Compare sugar production by region for last year"}}]}
2025-08-18 10:52:56 +00:00: 
2025-08-18 10:52:56 +00:00: > my-v0-project@0.1.0 start
2025-08-18 10:52:56 +00:00: > next start
2025-08-18 10:52:56 +00:00: 
2025-08-18 10:52:56 +00:00:    ▲ Next.js 15.2.4
2025-08-18 10:52:56 +00:00:    - Local:        http://localhost:3000
2025-08-18 10:52:56 +00:00:    - Network:      http://10.128.0.3:3000
2025-08-18 10:52:56 +00:00: 
2025-08-18 10:52:56 +00:00:  ✓ Starting...
2025-08-18 10:52:56 +00:00:  ✓ Ready in 676ms
2025-08-19 02:00:01 +00:00: 
2025-08-19 02:00:01 +00:00: > my-v0-project@0.1.0 start
2025-08-19 02:00:01 +00:00: > next start
2025-08-19 02:00:01 +00:00: 
2025-08-19 02:00:02 +00:00:    ▲ Next.js 15.2.4
2025-08-19 02:00:02 +00:00:    - Local:        http://localhost:3000
2025-08-19 02:00:02 +00:00:    - Network:      http://10.128.0.3:3000
2025-08-19 02:00:02 +00:00: 
2025-08-19 02:00:02 +00:00:  ✓ Starting...
2025-08-19 02:00:02 +00:00:  ✓ Ready in 837ms
2025-08-19 08:13:25 +00:00: 
2025-08-19 08:13:25 +00:00: > my-v0-project@0.1.0 start
2025-08-19 08:13:25 +00:00: > next start
2025-08-19 08:13:25 +00:00: 
2025-08-19 08:13:26 +00:00:    ▲ Next.js 15.2.4
2025-08-19 08:13:26 +00:00:    - Local:        http://localhost:3000
2025-08-19 08:13:26 +00:00:    - Network:      http://10.128.0.3:3000
2025-08-19 08:13:26 +00:00: 
2025-08-19 08:13:26 +00:00:  ✓ Starting...
2025-08-19 08:13:26 +00:00:  ✓ Ready in 772ms
2025-08-19 13:20:16 +00:00: 
2025-08-19 13:20:16 +00:00: > my-v0-project@0.1.0 start
2025-08-19 13:20:16 +00:00: > next start
2025-08-19 13:20:16 +00:00: 
2025-08-19 13:20:17 +00:00:    ▲ Next.js 15.2.4
2025-08-19 13:20:17 +00:00:    - Local:        http://localhost:3000
2025-08-19 13:20:17 +00:00:    - Network:      http://10.128.0.3:3000
2025-08-19 13:20:17 +00:00: 
2025-08-19 13:20:17 +00:00:  ✓ Starting...
2025-08-19 13:20:17 +00:00:  ✓ Ready in 881ms
2025-08-19 13:33:16 +00:00: 
2025-08-19 13:33:16 +00:00: > my-v0-project@0.1.0 start
2025-08-19 13:33:16 +00:00: > next start
2025-08-19 13:33:16 +00:00: 
2025-08-19 13:33:17 +00:00:    ▲ Next.js 15.2.4
2025-08-19 13:33:17 +00:00:    - Local:        http://localhost:3000
2025-08-19 13:33:17 +00:00:    - Network:      http://10.128.0.3:3000
2025-08-19 13:33:17 +00:00: 
2025-08-19 13:33:17 +00:00:  ✓ Starting...
2025-08-19 13:33:17 +00:00:  ✓ Ready in 702ms
2025-08-19 13:45:53 +00:00: 
2025-08-19 13:45:53 +00:00: > my-v0-project@0.1.0 start
2025-08-19 13:45:53 +00:00: > next start
2025-08-19 13:45:53 +00:00: 
2025-08-19 13:45:53 +00:00:    ▲ Next.js 15.2.4
2025-08-19 13:45:53 +00:00:    - Local:        http://localhost:3000
2025-08-19 13:45:53 +00:00:    - Network:      http://10.128.0.3:3000
2025-08-19 13:45:53 +00:00: 
2025-08-19 13:45:53 +00:00:  ✓ Starting...
2025-08-19 13:45:54 +00:00:  ✓ Ready in 666ms
2025-08-19 13:51:19 +00:00: 
2025-08-19 13:51:19 +00:00: > my-v0-project@0.1.0 start
2025-08-19 13:51:19 +00:00: > next start
2025-08-19 13:51:19 +00:00: 
2025-08-19 13:51:20 +00:00:    ▲ Next.js 15.2.4
2025-08-19 13:51:20 +00:00:    - Local:        http://localhost:3000
2025-08-19 13:51:20 +00:00:    - Network:      http://10.128.0.3:3000
2025-08-19 13:51:20 +00:00: 
2025-08-19 13:51:20 +00:00:  ✓ Starting...
2025-08-19 13:51:20 +00:00:  ✓ Ready in 735ms
2025-08-19 14:25:04 +00:00: 
2025-08-19 14:25:04 +00:00: > my-v0-project@0.1.0 start
2025-08-19 14:25:04 +00:00: > next start
2025-08-19 14:25:04 +00:00: 
2025-08-19 14:25:04 +00:00:    ▲ Next.js 15.2.4
2025-08-19 14:25:04 +00:00:    - Local:        http://localhost:3000
2025-08-19 14:25:04 +00:00:    - Network:      http://10.128.0.3:3000
2025-08-19 14:25:04 +00:00: 
2025-08-19 14:25:04 +00:00:  ✓ Starting...
2025-08-19 14:25:05 +00:00:  ✓ Ready in 743ms
2025-09-30 04:07:41 +00:00: 
2025-09-30 04:07:41 +00:00: > my-v0-project@0.1.0 start
2025-09-30 04:07:41 +00:00: > next start
2025-09-30 04:07:41 +00:00: 
2025-09-30 04:07:42 +00:00:    ▲ Next.js 15.2.4
2025-09-30 04:07:42 +00:00:    - Local:        http://localhost:3047
2025-09-30 04:07:42 +00:00:    - Network:      http://10.128.0.3:3047
2025-09-30 04:07:42 +00:00: 
2025-09-30 04:07:42 +00:00:  ✓ Starting...
2025-09-30 04:07:42 +00:00: [Error: Could not find a production build in the '.next' directory. Try building your app with 'next build' before starting the production server. https://nextjs.org/docs/messages/production-start-no-build-id]
2025-09-30 04:07:43 +00:00: 
2025-09-30 04:07:43 +00:00: > my-v0-project@0.1.0 start
2025-09-30 04:07:43 +00:00: > next start
2025-09-30 04:07:43 +00:00: 
2025-09-30 04:07:43 +00:00:    ▲ Next.js 15.2.4
2025-09-30 04:07:43 +00:00:    - Local:        http://localhost:3047
2025-09-30 04:07:43 +00:00:    - Network:      http://10.128.0.3:3047
2025-09-30 04:07:43 +00:00: 
2025-09-30 04:07:43 +00:00:  ✓ Starting...
2025-09-30 04:07:43 +00:00: [Error: Could not find a production build in the '.next' directory. Try building your app with 'next build' before starting the production server. https://nextjs.org/docs/messages/production-start-no-build-id]
2025-09-30 04:07:44 +00:00: 
2025-09-30 04:07:44 +00:00: > my-v0-project@0.1.0 start
2025-09-30 04:07:44 +00:00: > next start
2025-09-30 04:07:44 +00:00: 
2025-09-30 04:07:44 +00:00:    ▲ Next.js 15.2.4
2025-09-30 04:07:44 +00:00:    - Local:        http://localhost:3047
2025-09-30 04:07:44 +00:00:    - Network:      http://10.128.0.3:3047
2025-09-30 04:07:44 +00:00: 
2025-09-30 04:07:44 +00:00:  ✓ Starting...
2025-09-30 04:07:44 +00:00: [Error: Could not find a production build in the '.next' directory. Try building your app with 'next build' before starting the production server. https://nextjs.org/docs/messages/production-start-no-build-id]
2025-09-30 04:07:44 +00:00: 
2025-09-30 04:07:44 +00:00: > my-v0-project@0.1.0 start
2025-09-30 04:07:44 +00:00: > next start
2025-09-30 04:07:44 +00:00: 
2025-09-30 04:07:45 +00:00:    ▲ Next.js 15.2.4
2025-09-30 04:07:45 +00:00:    - Local:        http://localhost:3047
2025-09-30 04:07:45 +00:00:    - Network:      http://10.128.0.3:3047
2025-09-30 04:07:45 +00:00: 
2025-09-30 04:07:45 +00:00:  ✓ Starting...
2025-09-30 04:07:45 +00:00: [Error: Could not find a production build in the '.next' directory. Try building your app with 'next build' before starting the production server. https://nextjs.org/docs/messages/production-start-no-build-id]
2025-09-30 04:07:45 +00:00: 
2025-09-30 04:07:45 +00:00: > my-v0-project@0.1.0 start
2025-09-30 04:07:45 +00:00: > next start
2025-09-30 04:07:45 +00:00: 
2025-09-30 04:07:46 +00:00:    ▲ Next.js 15.2.4
2025-09-30 04:07:46 +00:00:    - Local:        http://localhost:3047
2025-09-30 04:07:46 +00:00:    - Network:      http://10.128.0.3:3047
2025-09-30 04:07:46 +00:00: 
2025-09-30 04:07:46 +00:00:  ✓ Starting...
2025-09-30 04:07:46 +00:00: [Error: Could not find a production build in the '.next' directory. Try building your app with 'next build' before starting the production server. https://nextjs.org/docs/messages/production-start-no-build-id]
2025-09-30 04:07:46 +00:00: 
2025-09-30 04:07:46 +00:00: > my-v0-project@0.1.0 start
2025-09-30 04:07:46 +00:00: > next start
2025-09-30 04:07:46 +00:00: 
2025-09-30 04:07:47 +00:00:    ▲ Next.js 15.2.4
2025-09-30 04:07:47 +00:00:    - Local:        http://localhost:3047
2025-09-30 04:07:47 +00:00:    - Network:      http://10.128.0.3:3047
2025-09-30 04:07:47 +00:00: 
2025-09-30 04:07:47 +00:00:  ✓ Starting...
2025-09-30 04:07:47 +00:00: [Error: Could not find a production build in the '.next' directory. Try building your app with 'next build' before starting the production server. https://nextjs.org/docs/messages/production-start-no-build-id]
2025-09-30 04:07:47 +00:00: 
2025-09-30 04:07:47 +00:00: > my-v0-project@0.1.0 start
2025-09-30 04:07:47 +00:00: > next start
2025-09-30 04:07:47 +00:00: 
2025-09-30 04:07:48 +00:00:    ▲ Next.js 15.2.4
2025-09-30 04:07:48 +00:00:    - Local:        http://localhost:3047
2025-09-30 04:07:48 +00:00:    - Network:      http://10.128.0.3:3047
2025-09-30 04:07:48 +00:00: 
2025-09-30 04:07:48 +00:00:  ✓ Starting...
2025-09-30 04:07:48 +00:00: [Error: Could not find a production build in the '.next' directory. Try building your app with 'next build' before starting the production server. https://nextjs.org/docs/messages/production-start-no-build-id]
2025-09-30 04:07:48 +00:00: 
2025-09-30 04:07:48 +00:00: > my-v0-project@0.1.0 start
2025-09-30 04:07:48 +00:00: > next start
2025-09-30 04:07:48 +00:00: 
2025-09-30 04:07:48 +00:00:    ▲ Next.js 15.2.4
2025-09-30 04:07:48 +00:00:    - Local:        http://localhost:3047
2025-09-30 04:07:48 +00:00:    - Network:      http://10.128.0.3:3047
2025-09-30 04:07:48 +00:00: 
2025-09-30 04:07:48 +00:00:  ✓ Starting...
2025-09-30 04:07:49 +00:00: [Error: Could not find a production build in the '.next' directory. Try building your app with 'next build' before starting the production server. https://nextjs.org/docs/messages/production-start-no-build-id]
2025-09-30 04:07:49 +00:00: 
2025-09-30 04:07:49 +00:00: > my-v0-project@0.1.0 start
2025-09-30 04:07:49 +00:00: > next start
2025-09-30 04:07:49 +00:00: 
2025-09-30 04:07:49 +00:00:    ▲ Next.js 15.2.4
2025-09-30 04:07:49 +00:00:    - Local:        http://localhost:3047
2025-09-30 04:07:49 +00:00:    - Network:      http://10.128.0.3:3047
2025-09-30 04:07:49 +00:00: 
2025-09-30 04:07:49 +00:00:  ✓ Starting...
2025-09-30 04:07:50 +00:00: [Error: Could not find a production build in the '.next' directory. Try building your app with 'next build' before starting the production server. https://nextjs.org/docs/messages/production-start-no-build-id]
2025-09-30 04:07:50 +00:00: 
2025-09-30 04:07:50 +00:00: > my-v0-project@0.1.0 start
2025-09-30 04:07:50 +00:00: > next start
2025-09-30 04:07:50 +00:00: 
2025-09-30 04:07:50 +00:00:    ▲ Next.js 15.2.4
2025-09-30 04:07:50 +00:00:    - Local:        http://localhost:3047
2025-09-30 04:07:50 +00:00:    - Network:      http://10.128.0.3:3047
2025-09-30 04:07:50 +00:00: 
2025-09-30 04:07:50 +00:00:  ✓ Starting...
2025-09-30 04:07:50 +00:00: [Error: Could not find a production build in the '.next' directory. Try building your app with 'next build' before starting the production server. https://nextjs.org/docs/messages/production-start-no-build-id]
2025-09-30 04:11:37 +00:00: 
2025-09-30 04:11:37 +00:00: > my-v0-project@0.1.0 start
2025-09-30 04:11:37 +00:00: > next start
2025-09-30 04:11:37 +00:00: 
2025-09-30 04:11:38 +00:00:    ▲ Next.js 15.2.4
2025-09-30 04:11:38 +00:00:    - Local:        http://localhost:3047
2025-09-30 04:11:38 +00:00:    - Network:      http://10.128.0.3:3047
2025-09-30 04:11:38 +00:00: 
2025-09-30 04:11:38 +00:00:  ✓ Starting...
2025-09-30 04:11:38 +00:00:  ✓ Ready in 515ms
2025-10-01 02:00:00 +00:00: 
2025-10-01 02:00:00 +00:00: > my-v0-project@0.1.0 start
2025-10-01 02:00:00 +00:00: > next start
2025-10-01 02:00:00 +00:00: 
2025-10-01 02:00:01 +00:00:    ▲ Next.js 15.2.4
2025-10-01 02:00:01 +00:00:    - Local:        http://localhost:3047
2025-10-01 02:00:01 +00:00:    - Network:      http://10.128.0.3:3047
2025-10-01 02:00:01 +00:00: 
2025-10-01 02:00:01 +00:00:  ✓ Starting...
2025-10-01 02:00:01 +00:00:  ✓ Ready in 817ms
