2025-08-08 08:05:54 +00:00: 
2025-08-08 08:05:54 +00:00: > my-v0-project@0.1.0 start
2025-08-08 08:05:54 +00:00: > next start
2025-08-08 08:05:54 +00:00: 
2025-08-08 08:05:55 +00:00: 
2025-08-08 08:05:55 +00:00: > my-v0-project@0.1.0 start
2025-08-08 08:05:55 +00:00: > next start
2025-08-08 08:05:55 +00:00: 
2025-08-08 08:05:56 +00:00: 
2025-08-08 08:05:56 +00:00: > my-v0-project@0.1.0 start
2025-08-08 08:05:56 +00:00: > next start
2025-08-08 08:05:56 +00:00: 
2025-08-08 08:05:57 +00:00: 
2025-08-08 08:05:57 +00:00: > my-v0-project@0.1.0 start
2025-08-08 08:05:57 +00:00: > next start
2025-08-08 08:05:57 +00:00: 
2025-08-08 08:05:58 +00:00: 
2025-08-08 08:05:58 +00:00: > my-v0-project@0.1.0 start
2025-08-08 08:05:58 +00:00: > next start
2025-08-08 08:05:58 +00:00: 
2025-08-08 08:06:00 +00:00: 
2025-08-08 08:06:00 +00:00: > my-v0-project@0.1.0 start
2025-08-08 08:06:00 +00:00: > next start
2025-08-08 08:06:00 +00:00: 
2025-08-08 08:06:01 +00:00: 
2025-08-08 08:06:01 +00:00: > my-v0-project@0.1.0 start
2025-08-08 08:06:01 +00:00: > next start
2025-08-08 08:06:01 +00:00: 
2025-08-08 08:06:02 +00:00: 
2025-08-08 08:06:02 +00:00: > my-v0-project@0.1.0 start
2025-08-08 08:06:02 +00:00: > next start
2025-08-08 08:06:02 +00:00: 
2025-08-08 08:06:03 +00:00: 
2025-08-08 08:06:03 +00:00: > my-v0-project@0.1.0 start
2025-08-08 08:06:03 +00:00: > next start
2025-08-08 08:06:03 +00:00: 
2025-08-08 08:06:04 +00:00: 
2025-08-08 08:06:04 +00:00: > my-v0-project@0.1.0 start
2025-08-08 08:06:04 +00:00: > next start
2025-08-08 08:06:04 +00:00: 
2025-08-08 08:17:48 +00:00: 
2025-08-08 08:17:48 +00:00: > my-v0-project@0.1.0 start
2025-08-08 08:17:48 +00:00: > next start
2025-08-08 08:17:48 +00:00: 
2025-08-08 08:17:49 +00:00:    ▲ Next.js 15.2.4
2025-08-08 08:17:49 +00:00:    - Local:        http://localhost:3000
2025-08-08 08:17:49 +00:00:    - Network:      http://10.128.0.3:3000
2025-08-08 08:17:49 +00:00: 
2025-08-08 08:17:49 +00:00:  ✓ Starting...
2025-08-08 08:17:49 +00:00:  ✓ Ready in 759ms
2025-08-08 08:22:14 +00:00: 
2025-08-08 08:22:14 +00:00: > my-v0-project@0.1.0 start
2025-08-08 08:22:14 +00:00: > next start
2025-08-08 08:22:14 +00:00: 
2025-08-08 08:22:15 +00:00:    ▲ Next.js 15.2.4
2025-08-08 08:22:15 +00:00:    - Local:        http://localhost:3000
2025-08-08 08:22:15 +00:00:    - Network:      http://10.128.0.3:3000
2025-08-08 08:22:15 +00:00: 
2025-08-08 08:22:15 +00:00:  ✓ Starting...
2025-08-08 08:22:15 +00:00:  ✓ Ready in 540ms
2025-08-08 12:05:40 +00:00: 
2025-08-08 12:05:40 +00:00: > my-v0-project@0.1.0 start
2025-08-08 12:05:40 +00:00: > next start
2025-08-08 12:05:40 +00:00: 
2025-08-08 12:05:41 +00:00:    ▲ Next.js 15.2.4
2025-08-08 12:05:41 +00:00:    - Local:        http://localhost:3000
2025-08-08 12:05:41 +00:00:    - Network:      http://10.128.0.3:3000
2025-08-08 12:05:41 +00:00: 
2025-08-08 12:05:41 +00:00:  ✓ Starting...
2025-08-08 12:05:41 +00:00:  ✓ Ready in 550ms
2025-08-09 02:00:00 +00:00: 
2025-08-09 02:00:00 +00:00: > my-v0-project@0.1.0 start
2025-08-09 02:00:00 +00:00: > next start
2025-08-09 02:00:00 +00:00: 
2025-08-09 02:00:01 +00:00:    ▲ Next.js 15.2.4
2025-08-09 02:00:01 +00:00:    - Local:        http://localhost:3000
2025-08-09 02:00:01 +00:00:    - Network:      http://10.128.0.3:3000
2025-08-09 02:00:01 +00:00: 
2025-08-09 02:00:01 +00:00:  ✓ Starting...
2025-08-09 02:00:01 +00:00:  ✓ Ready in 854ms
2025-08-10 02:00:00 +00:00: 
2025-08-10 02:00:00 +00:00: > my-v0-project@0.1.0 start
2025-08-10 02:00:00 +00:00: > next start
2025-08-10 02:00:00 +00:00: 
2025-08-10 02:00:01 +00:00:    ▲ Next.js 15.2.4
2025-08-10 02:00:01 +00:00:    - Local:        http://localhost:3000
2025-08-10 02:00:01 +00:00:    - Network:      http://10.128.0.3:3000
2025-08-10 02:00:01 +00:00: 
2025-08-10 02:00:01 +00:00:  ✓ Starting...
2025-08-10 02:00:01 +00:00:  ✓ Ready in 870ms
2025-08-11 02:00:00 +00:00: 
2025-08-11 02:00:00 +00:00: > my-v0-project@0.1.0 start
2025-08-11 02:00:00 +00:00: > next start
2025-08-11 02:00:00 +00:00: 
2025-08-11 02:00:01 +00:00:    ▲ Next.js 15.2.4
2025-08-11 02:00:01 +00:00:    - Local:        http://localhost:3000
2025-08-11 02:00:01 +00:00:    - Network:      http://10.128.0.3:3000
2025-08-11 02:00:01 +00:00: 
2025-08-11 02:00:01 +00:00:  ✓ Starting...
2025-08-11 02:00:01 +00:00:  ✓ Ready in 667ms
2025-08-12 02:00:00 +00:00: 
2025-08-12 02:00:00 +00:00: > my-v0-project@0.1.0 start
2025-08-12 02:00:00 +00:00: > next start
2025-08-12 02:00:00 +00:00: 
2025-08-12 02:00:01 +00:00:    ▲ Next.js 15.2.4
2025-08-12 02:00:01 +00:00:    - Local:        http://localhost:3000
2025-08-12 02:00:01 +00:00:    - Network:      http://10.128.0.3:3000
2025-08-12 02:00:01 +00:00: 
2025-08-12 02:00:01 +00:00:  ✓ Starting...
2025-08-12 02:00:01 +00:00:  ✓ Ready in 903ms
2025-08-12 07:19:43 +00:00: 
2025-08-12 07:19:43 +00:00: > my-v0-project@0.1.0 start
2025-08-12 07:19:43 +00:00: > next start
2025-08-12 07:19:43 +00:00: 
2025-08-12 07:19:43 +00:00:    ▲ Next.js 15.2.4
2025-08-12 07:19:43 +00:00:    - Local:        http://localhost:3000
2025-08-12 07:19:43 +00:00:    - Network:      http://10.128.0.3:3000
2025-08-12 07:19:43 +00:00: 
2025-08-12 07:19:43 +00:00:  ✓ Starting...
2025-08-12 07:19:44 +00:00:  ✓ Ready in 706ms
2025-08-12 07:24:17 +00:00: 
2025-08-12 07:24:17 +00:00: > my-v0-project@0.1.0 start
2025-08-12 07:24:17 +00:00: > next start
2025-08-12 07:24:17 +00:00: 
2025-08-12 07:24:17 +00:00:    ▲ Next.js 15.2.4
2025-08-12 07:24:17 +00:00:    - Local:        http://localhost:3000
2025-08-12 07:24:17 +00:00:    - Network:      http://10.128.0.3:3000
2025-08-12 07:24:17 +00:00: 
2025-08-12 07:24:17 +00:00:  ✓ Starting...
2025-08-12 07:24:18 +00:00:  ✓ Ready in 615ms
2025-08-12 07:29:31 +00:00: 
2025-08-12 07:29:31 +00:00: > my-v0-project@0.1.0 start
2025-08-12 07:29:31 +00:00: > next start
2025-08-12 07:29:31 +00:00: 
2025-08-12 07:29:32 +00:00:    ▲ Next.js 15.2.4
2025-08-12 07:29:32 +00:00:    - Local:        http://localhost:3000
2025-08-12 07:29:32 +00:00:    - Network:      http://10.128.0.3:3000
2025-08-12 07:29:32 +00:00: 
2025-08-12 07:29:32 +00:00:  ✓ Starting...
2025-08-12 07:29:32 +00:00:  ✓ Ready in 614ms
2025-08-12 07:34:40 +00:00: 
2025-08-12 07:34:40 +00:00: > my-v0-project@0.1.0 start
2025-08-12 07:34:40 +00:00: > next start
2025-08-12 07:34:40 +00:00: 
2025-08-12 07:34:40 +00:00:    ▲ Next.js 15.2.4
2025-08-12 07:34:40 +00:00:    - Local:        http://localhost:3000
2025-08-12 07:34:40 +00:00:    - Network:      http://10.128.0.3:3000
2025-08-12 07:34:40 +00:00: 
2025-08-12 07:34:40 +00:00:  ✓ Starting...
2025-08-12 07:34:40 +00:00:  ✓ Ready in 615ms
2025-08-12 07:39:29 +00:00: 
2025-08-12 07:39:29 +00:00: > my-v0-project@0.1.0 start
2025-08-12 07:39:29 +00:00: > next start
2025-08-12 07:39:29 +00:00: 
2025-08-12 07:39:29 +00:00:    ▲ Next.js 15.2.4
2025-08-12 07:39:29 +00:00:    - Local:        http://localhost:3000
2025-08-12 07:39:29 +00:00:    - Network:      http://10.128.0.3:3000
2025-08-12 07:39:29 +00:00: 
2025-08-12 07:39:29 +00:00:  ✓ Starting...
2025-08-12 07:39:29 +00:00:  ✓ Ready in 633ms
2025-08-12 08:16:20 +00:00: 
2025-08-12 08:16:20 +00:00: > my-v0-project@0.1.0 start
2025-08-12 08:16:20 +00:00: > next start
2025-08-12 08:16:20 +00:00: 
2025-08-12 08:16:21 +00:00:    ▲ Next.js 15.2.4
2025-08-12 08:16:21 +00:00:    - Local:        http://localhost:3000
2025-08-12 08:16:21 +00:00:    - Network:      http://10.128.0.3:3000
2025-08-12 08:16:21 +00:00: 
2025-08-12 08:16:21 +00:00:  ✓ Starting...
2025-08-12 08:16:21 +00:00:  ✓ Ready in 649ms
2025-08-13 02:00:00 +00:00: 
2025-08-13 02:00:00 +00:00: > my-v0-project@0.1.0 start
2025-08-13 02:00:00 +00:00: > next start
2025-08-13 02:00:00 +00:00: 
2025-08-13 02:00:01 +00:00:    ▲ Next.js 15.2.4
2025-08-13 02:00:01 +00:00:    - Local:        http://localhost:3000
2025-08-13 02:00:01 +00:00:    - Network:      http://10.128.0.3:3000
2025-08-13 02:00:01 +00:00: 
2025-08-13 02:00:01 +00:00:  ✓ Starting...
2025-08-13 02:00:01 +00:00:  ✓ Ready in 811ms
2025-08-13 06:14:14 +00:00: 
2025-08-13 06:14:14 +00:00: > my-v0-project@0.1.0 start
2025-08-13 06:14:14 +00:00: > next start
2025-08-13 06:14:14 +00:00: 
2025-08-13 06:14:14 +00:00:    ▲ Next.js 15.2.4
2025-08-13 06:14:14 +00:00:    - Local:        http://localhost:3000
2025-08-13 06:14:14 +00:00:    - Network:      http://10.128.0.3:3000
2025-08-13 06:14:14 +00:00: 
2025-08-13 06:14:14 +00:00:  ✓ Starting...
2025-08-13 06:14:15 +00:00:  ✓ Ready in 565ms
2025-08-13 06:35:41 +00:00: 
2025-08-13 06:35:41 +00:00: > my-v0-project@0.1.0 start
2025-08-13 06:35:41 +00:00: > next start
2025-08-13 06:35:41 +00:00: 
2025-08-13 06:35:42 +00:00:    ▲ Next.js 15.2.4
2025-08-13 06:35:42 +00:00:    - Local:        http://localhost:3000
2025-08-13 06:35:42 +00:00:    - Network:      http://10.128.0.3:3000
2025-08-13 06:35:42 +00:00: 
2025-08-13 06:35:42 +00:00:  ✓ Starting...
2025-08-13 06:35:42 +00:00:  ✓ Ready in 709ms
2025-08-14 02:00:00 +00:00: 
2025-08-14 02:00:00 +00:00: > my-v0-project@0.1.0 start
2025-08-14 02:00:00 +00:00: > next start
2025-08-14 02:00:00 +00:00: 
2025-08-14 02:00:01 +00:00:    ▲ Next.js 15.2.4
2025-08-14 02:00:01 +00:00:    - Local:        http://localhost:3000
2025-08-14 02:00:01 +00:00:    - Network:      http://10.128.0.3:3000
2025-08-14 02:00:01 +00:00: 
2025-08-14 02:00:01 +00:00:  ✓ Starting...
2025-08-14 02:00:01 +00:00:  ✓ Ready in 876ms
2025-08-14 07:40:10 +00:00: 
2025-08-14 07:40:10 +00:00: > my-v0-project@0.1.0 start
2025-08-14 07:40:10 +00:00: > next start
2025-08-14 07:40:10 +00:00: 
2025-08-14 07:40:11 +00:00:    ▲ Next.js 15.2.4
2025-08-14 07:40:11 +00:00:    - Local:        http://localhost:3000
2025-08-14 07:40:11 +00:00:    - Network:      http://10.128.0.3:3000
2025-08-14 07:40:11 +00:00: 
2025-08-14 07:40:11 +00:00:  ✓ Starting...
2025-08-14 07:40:11 +00:00:  ✓ Ready in 811ms
2025-08-15 02:00:00 +00:00: 
2025-08-15 02:00:00 +00:00: > my-v0-project@0.1.0 start
2025-08-15 02:00:00 +00:00: > next start
2025-08-15 02:00:00 +00:00: 
2025-08-15 02:00:01 +00:00:    ▲ Next.js 15.2.4
2025-08-15 02:00:01 +00:00:    - Local:        http://localhost:3000
2025-08-15 02:00:01 +00:00:    - Network:      http://10.128.0.3:3000
2025-08-15 02:00:01 +00:00: 
2025-08-15 02:00:01 +00:00:  ✓ Starting...
2025-08-15 02:00:01 +00:00:  ✓ Ready in 803ms
2025-08-15 07:04:26 +00:00: 
2025-08-15 07:04:26 +00:00: > my-v0-project@0.1.0 start
2025-08-15 07:04:26 +00:00: > next start
2025-08-15 07:04:26 +00:00: 
2025-08-15 07:04:27 +00:00:    ▲ Next.js 15.2.4
2025-08-15 07:04:27 +00:00:    - Local:        http://localhost:3000
2025-08-15 07:04:27 +00:00:    - Network:      http://10.128.0.3:3000
2025-08-15 07:04:27 +00:00: 
2025-08-15 07:04:27 +00:00:  ✓ Starting...
2025-08-15 07:04:27 +00:00:  ✓ Ready in 691ms
2025-08-16 02:00:00 +00:00: 
2025-08-16 02:00:00 +00:00: > my-v0-project@0.1.0 start
2025-08-16 02:00:00 +00:00: > next start
2025-08-16 02:00:00 +00:00: 
2025-08-16 02:00:01 +00:00:    ▲ Next.js 15.2.4
2025-08-16 02:00:01 +00:00:    - Local:        http://localhost:3000
2025-08-16 02:00:01 +00:00:    - Network:      http://10.128.0.3:3000
2025-08-16 02:00:01 +00:00: 
2025-08-16 02:00:01 +00:00:  ✓ Starting...
2025-08-16 02:00:01 +00:00:  ✓ Ready in 890ms
2025-08-17 02:00:00 +00:00: 
2025-08-17 02:00:00 +00:00: > my-v0-project@0.1.0 start
2025-08-17 02:00:00 +00:00: > next start
2025-08-17 02:00:00 +00:00: 
2025-08-17 02:00:01 +00:00:    ▲ Next.js 15.2.4
2025-08-17 02:00:01 +00:00:    - Local:        http://localhost:3000
2025-08-17 02:00:01 +00:00:    - Network:      http://10.128.0.3:3000
2025-08-17 02:00:01 +00:00: 
2025-08-17 02:00:01 +00:00:  ✓ Starting...
2025-08-17 02:00:01 +00:00:  ✓ Ready in 824ms
2025-08-18 02:00:00 +00:00: 
2025-08-18 02:00:00 +00:00: > my-v0-project@0.1.0 start
2025-08-18 02:00:00 +00:00: > next start
2025-08-18 02:00:00 +00:00: 
2025-08-18 02:00:01 +00:00:    ▲ Next.js 15.2.4
2025-08-18 02:00:01 +00:00:    - Local:        http://localhost:3000
2025-08-18 02:00:01 +00:00:    - Network:      http://10.128.0.3:3000
2025-08-18 02:00:01 +00:00: 
2025-08-18 02:00:01 +00:00:  ✓ Starting...
2025-08-18 02:00:01 +00:00:  ✓ Ready in 893ms
2025-08-18 08:01:39 +00:00: 
2025-08-18 08:01:39 +00:00: > my-v0-project@0.1.0 start
2025-08-18 08:01:39 +00:00: > next start
2025-08-18 08:01:39 +00:00: 
2025-08-18 08:01:39 +00:00:    ▲ Next.js 15.2.4
2025-08-18 08:01:39 +00:00:    - Local:        http://localhost:3000
2025-08-18 08:01:39 +00:00:    - Network:      http://10.128.0.3:3000
2025-08-18 08:01:39 +00:00: 
2025-08-18 08:01:39 +00:00:  ✓ Starting...
2025-08-18 08:01:40 +00:00:  ✓ Ready in 726ms
